<?xml version="1.0" encoding="UTF-8"?>
<!-- Generated by org.testng.reporters.JUnitReportReporter -->
<testsuite hostname="DESKTOP-U3NOTER" failures="0" tests="1" name="demotestCases.TC001_AccountRegistraionTest" time="7.186" errors="0" timestamp="2024-10-02T18:41:21 IST" skipped="0">
  <testcase classname="demotestCases.TC001_AccountRegistraionTest" name="verify_AccountRegistrationTest" time="7.186"/>
</testsuite> <!-- demotestCases.TC001_AccountRegistraionTest -->
