<?xml version="1.0" encoding="UTF-8"?>
<!-- Generated by org.testng.reporters.JUnitReportReporter -->
<testsuite hostname="DESKTOP-U3NOTER" failures="0" tests="1" name="demotestCases.TC003_LoginBankTest" time="3.450" errors="0" timestamp="2024-10-03T14:48:02 IST" skipped="0">
  <testcase classname="demotestCases.TC003_LoginBankTest" name="Verify_Login" time="3.450"/>
</testsuite> <!-- demotestCases.TC003_LoginBankTest -->
