<?xml version="1.0" encoding="UTF-8"?>
<!-- Generated by org.testng.reporters.JUnitReportReporter -->
<testsuite hostname="DESKTOP-U3NOTER" failures="0" tests="1" name="demotestCases.TC004_RegistrationBankCustomerTest" time="10.104" errors="0" timestamp="2024-10-03T17:30:13 IST" skipped="0">
  <testcase classname="demotestCases.TC004_RegistrationBankCustomerTest" name="NewCustomerRegistration" time="10.104"/>
</testsuite> <!-- demotestCases.TC004_RegistrationBankCustomerTest -->
