<?xml version="1.0" encoding="UTF-8"?>
<!-- Generated by org.testng.reporters.JUnitReportReporter -->
<testsuite hostname="DESKTOP-U3NOTER" failures="0" tests="1" name="demotestCases.TC001_AccountRegistraionTest" time="6.699" errors="0" timestamp="2024-10-02T19:11:33 IST" skipped="0">
  <testcase classname="demotestCases.TC001_AccountRegistraionTest" name="verify_AccountRegistrationTest" time="6.699"/>
</testsuite> <!-- demotestCases.TC001_AccountRegistraionTest -->
